SF:lib/api/rest_client/api_manager.dart
DA:6,6
DA:8,2
DA:10,6
DA:12,4
DA:13,2
DA:14,2
DA:16,1
DA:17,2
DA:19,0
DA:21,1
LF:10
LH:9
end_of_record
SF:lib/ui/core/utilities/constants/strings.dart
DA:13,8
DA:14,4
LF:2
LH:2
end_of_record
SF:lib/data/models/news_model.dart
DA:5,15
DA:7,3
DA:14,5
DA:20,10
DA:21,5
DA:22,5
DA:23,5
DA:24,20
DA:27,2
DA:28,1
DA:29,1
DA:30,5
LF:12
LH:12
end_of_record
SF:lib/api/news/news_service.dart
DA:11,3
DA:14,1
DA:15,1
DA:16,1
DA:17,3
DA:18,3
DA:19,2
DA:20,0
DA:22,3
DA:23,1
DA:24,2
DA:25,1
DA:26,1
LF:13
LH:12
end_of_record
SF:lib/data/entities/article.dart
DA:4,5
DA:24,10
DA:25,10
DA:26,10
DA:27,5
DA:28,5
DA:29,5
DA:30,5
DA:31,10
DA:32,5
DA:35,2
DA:36,2
DA:37,2
DA:38,1
DA:39,1
DA:40,1
DA:41,1
DA:42,2
DA:43,1
LF:19
LH:19
end_of_record
SF:lib/data/entities/source.dart
DA:2,5
DA:10,10
DA:11,20
DA:12,20
DA:15,2
DA:16,4
DA:17,4
DA:21,6
DA:23,10
DA:24,10
DA:26,6
DA:28,10
DA:29,10
DA:35,5
DA:37,1
DA:38,1
DA:39,5
DA:41,1
LF:18
LH:18
end_of_record
SF:lib/ui/core/exceptions/api_exceptions.dart
DA:3,0
DA:8,1
DA:13,1
DA:18,1
LF:4
LH:3
end_of_record
SF:lib/bloc/news/news_bloc.dart
DA:16,9
DA:20,2
DA:21,2
DA:23,2
DA:24,4
DA:27,8
DA:28,6
DA:29,4
DA:33,0
DA:34,0
DA:36,0
DA:37,0
DA:38,0
DA:40,0
DA:41,0
DA:42,0
DA:45,0
LF:17
LH:8
end_of_record
SF:lib/bloc/news/news_state.dart
DA:4,1
DA:5,1
DA:14,2
DA:19,0
LF:4
LH:3
end_of_record
SF:lib/bloc/news/news_event.dart
DA:3,3
LF:1
LH:1
end_of_record
SF:lib/main.dart
DA:9,0
DA:10,0
DA:11,0
DA:12,0
DA:13,0
DA:15,0
DA:21,2
DA:22,1
DA:24,1
DA:25,1
DA:26,1
DA:27,2
DA:30,1
DA:32,1
DA:34,1
DA:37,2
LF:16
LH:10
end_of_record
SF:lib/ui/presenters/custom_widgets/article_row.dart
DA:10,2
DA:12,1
DA:15,4
DA:16,1
DA:17,1
DA:20,1
DA:21,1
DA:34,1
DA:35,1
DA:36,1
DA:38,1
DA:39,1
DA:40,1
DA:41,2
DA:43,1
DA:45,1
DA:46,2
DA:56,1
DA:57,2
LF:19
LH:19
end_of_record
SF:lib/ui/presenters/news_web_view.dart
DA:8,2
DA:10,1
DA:11,1
DA:18,1
DA:20,1
DA:21,1
DA:24,1
DA:26,4
DA:27,1
DA:28,1
DA:29,4
DA:31,2
DA:32,1
DA:33,3
DA:35,0
DA:36,0
DA:38,0
DA:39,0
LF:18
LH:14
end_of_record
SF:lib/ui/router/app_router.dart
DA:9,1
DA:10,1
DA:11,1
DA:12,1
DA:13,2
DA:15,1
DA:16,1
DA:17,2
DA:18,1
LF:9
LH:9
end_of_record
SF:lib/ui/core/exceptions/root_exceptions.dart
DA:4,1
LF:1
LH:1
end_of_record
SF:lib/ui/core/utilities/error.dart
DA:6,0
DA:8,0
DA:10,0
DA:11,0
DA:12,0
DA:13,0
DA:14,0
DA:15,0
DA:16,0
DA:18,0
DA:20,0
LF:11
LH:0
end_of_record
SF:lib/ui/core/utilities/loading.dart
DA:5,2
DA:6,1
DA:7,1
DA:13,1
DA:15,2
DA:18,2
DA:19,2
DA:21,2
DA:22,1
DA:25,1
DA:27,2
DA:28,1
DA:31,1
DA:33,1
DA:34,1
DA:36,1
DA:38,1
DA:39,1
DA:40,5
DA:41,3
DA:43,1
DA:44,2
LF:22
LH:22
end_of_record
SF:lib/ui/core/utilities/txt.dart
DA:5,1
DA:8,1
DA:10,1
DA:11,1
DA:12,1
DA:13,1
DA:15,4
LF:7
LH:7
end_of_record
SF:lib/ui/presenters/home_page.dart
DA:11,1
DA:12,1
DA:16,1
DA:18,1
DA:19,1
DA:22,1
DA:23,3
DA:26,1
DA:28,3
DA:29,1
DA:30,1
DA:31,2
DA:32,1
DA:34,1
DA:35,1
DA:40,1
DA:41,1
DA:42,1
DA:43,1
DA:44,1
DA:45,1
DA:46,0
DA:47,0
DA:48,0
DA:50,0
DA:53,1
DA:54,2
DA:55,1
DA:57,1
DA:65,1
DA:66,1
DA:67,1
DA:68,1
DA:69,1
DA:70,1
DA:71,1
LF:36
LH:32
end_of_record
